\BOOKMARK [1][-]{section.1}{\376\377\000I\000n\000t\000r\000o\000d\000u\000c\000t\000i\000o\000n}{}% 1
\BOOKMARK [2][-]{subsection.1.1}{\376\377\000C\000o\000n\000t\000r\000i\000b\000u\000t\000i\000o\000n\000s}{section.1}% 2
\BOOKMARK [1][-]{section.2}{\376\377\000R\000e\000l\000a\000t\000e\000d\000\040\000W\000o\000r\000k}{}% 3
\BOOKMARK [2][-]{subsection.2.1}{\376\377\000S\000t\000a\000t\000i\000c\000\040\000S\000u\000b\000w\000o\000r\000d\000\040\000T\000o\000k\000e\000n\000i\000z\000a\000t\000i\000o\000n}{section.2}% 4
\BOOKMARK [2][-]{subsection.2.2}{\376\377\000C\000h\000a\000r\000a\000c\000t\000e\000r\000-\000\040\000a\000n\000d\000\040\000B\000y\000t\000e\000-\000L\000e\000v\000e\000l\000\040\000E\000n\000c\000o\000d\000e\000r\000s}{section.2}% 5
\BOOKMARK [2][-]{subsection.2.3}{\376\377\000D\000i\000f\000f\000e\000r\000e\000n\000t\000i\000a\000b\000l\000e\000\040\000S\000e\000g\000m\000e\000n\000t\000a\000t\000i\000o\000n}{section.2}% 6
\BOOKMARK [2][-]{subsection.2.4}{\376\377\000S\000p\000a\000n\000-\000B\000a\000s\000e\000d\000\040\000a\000n\000d\000\040\000P\000o\000i\000n\000t\000e\000r\000\040\000N\000e\000t\000w\000o\000r\000k\000s}{section.2}% 7
\BOOKMARK [2][-]{subsection.2.5}{\376\377\000B\000r\000i\000d\000g\000i\000n\000g\000\040\000S\000t\000a\000t\000i\000c\000\040\000a\000n\000d\000\040\000D\000y\000n\000a\000m\000i\000c\000\040\000S\000e\000g\000m\000e\000n\000t\000a\000t\000i\000o\000n}{section.2}% 8
\BOOKMARK [1][-]{section.3}{\376\377\000A\000r\000c\000h\000i\000t\000e\000c\000t\000u\000r\000e}{}% 9
\BOOKMARK [2][-]{subsubsection.3.0.1}{\376\377\000D\000a\000t\000a\000s\000e\000t\000\040\000E\000x\000t\000r\000a\000c\000t\000i\000o\000n\000\040\000a\000n\000d\000\040\000V\000a\000l\000i\000d\000a\000t\000i\000o\000n}{section.3}% 10
\BOOKMARK [2][-]{subsection.3.1}{\376\377\000H\000y\000b\000r\000i\000d\000\040\000U\000n\000i\000g\000r\000a\000m\040\020\000L\000M\000\040\000V\000o\000c\000a\000b\000u\000l\000a\000r\000y\000\040\000I\000n\000d\000u\000c\000t\000i\000o\000n}{section.3}% 11
\BOOKMARK [3][-]{subsubsection.3.1.1}{\376\377\000C\000a\000n\000d\000i\000d\000a\000t\000e\000\040\000G\000e\000n\000e\000r\000a\000t\000i\000o\000n}{subsection.3.1}% 12
\BOOKMARK [3][-]{subsubsection.3.1.2}{\376\377\000W\000h\000i\000t\000e\000s\000p\000a\000c\000e\000-\000A\000w\000a\000r\000e\000\040\000T\000o\000k\000e\000n\000i\000z\000a\000t\000i\000o\000n}{subsection.3.1}% 13
\BOOKMARK [3][-]{subsubsection.3.1.3}{\376\377\000C\000a\000s\000e\000\040\000H\000a\000n\000d\000l\000i\000n\000g}{subsection.3.1}% 14
\BOOKMARK [3][-]{subsubsection.3.1.4}{\376\377\000U\000n\000i\000g\000r\000a\000m\000\040\000L\000M\000\040\000v\000i\000a\000\040\000E\000M}{subsection.3.1}% 15
\BOOKMARK [3][-]{subsubsection.3.1.5}{\376\377\000B\000a\000s\000e\000l\000i\000n\000e\000\040\000P\000e\000r\000p\000l\000e\000x\000i\000t\000y}{subsection.3.1}% 16
\BOOKMARK [3][-]{subsubsection.3.1.6}{\376\377\000A\000d\000a\000p\000t\000i\000v\000e\000\040\000P\000r\000u\000n\000i\000n\000g\000\040\000b\000y\000\040\000P\000P\000L\000\040\000a\000n\000d\000\040\000O\000O\000V}{subsection.3.1}% 17
\BOOKMARK [3][-]{subsubsection.3.1.7}{\376\377\000E\000x\000i\000s\000t\000e\000n\000c\000e\000\040\000a\000n\000d\000\040\000M\000o\000n\000o\000t\000o\000n\000i\000c\000i\000t\000y\000\040\000P\000r\000o\000p\000o\000s\000i\000t\000i\000o\000n}{subsection.3.1}% 18
\BOOKMARK [3][-]{subsubsection.3.1.8}{\376\377\000A\000l\000g\000o\000r\000i\000t\000h\000m\000:\000\040\000A\000d\000a\000p\000t\000i\000v\000e\000\040\000V\000o\000c\000a\000b\000u\000l\000a\000r\000y\000\040\000I\000n\000d\000u\000c\000t\000i\000o\000n}{subsection.3.1}% 19
\BOOKMARK [2][-]{subsection.3.2}{\376\377\000S\000e\000e\000d\000\040\000E\000m\000b\000e\000d\000d\000i\000n\000g\000s\000\040\000a\000n\000d\000\040\000C\000a\000n\000d\000i\000d\000a\000t\000e\000\040\000S\000e\000t}{section.3}% 20
\BOOKMARK [3][-]{subsubsection.3.2.1}{\376\377\000S\000o\000f\000t\000\040\000P\000i\000e\000c\000e\000\040\000P\000r\000o\000b\000a\000b\000i\000l\000i\000t\000y\000\040\000C\000o\000m\000p\000u\000t\000a\000t\000i\000o\000n}{subsection.3.2}% 21
\BOOKMARK [3][-]{subsubsection.3.2.2}{\376\377\000E\000m\000b\000e\000d\000d\000i\000n\000g\000\040\000M\000a\000t\000r\000i\000x\000\040\000I\000n\000i\000t\000i\000a\000l\000i\000z\000a\000t\000i\000o\000n\000\040\000a\000n\000d\000\040\000S\000e\000e\000d\000\040\000C\000o\000m\000p\000u\000t\000a\000t\000i\000o\000n}{subsection.3.2}% 22
\BOOKMARK [3][-]{subsubsection.3.2.3}{\376\377\000C\000o\000n\000t\000e\000x\000t\000u\000a\000l\000\040\000E\000n\000c\000o\000d\000e\000r\000:\000\040\000M\000u\000l\000t\000i\000-\000S\000c\000a\000l\000e\000\040\000D\000i\000l\000a\000t\000e\000d\000\040\000C\000o\000n\000v\000o\000l\000u\000t\000i\000o\000n\000s}{subsection.3.2}% 23
\BOOKMARK [3][-]{subsubsection.3.2.4}{\376\377\000S\000p\000a\000n\000\040\000C\000a\000n\000d\000i\000d\000a\000t\000e\000\040\000E\000n\000u\000m\000e\000r\000a\000t\000i\000o\000n\000\040\000a\000n\000d\000\040\000F\000i\000l\000t\000e\000r\000i\000n\000g}{subsection.3.2}% 24
\BOOKMARK [3][-]{subsubsection.3.2.5}{\376\377\000P\000i\000p\000e\000l\000i\000n\000e\000\040\000I\000n\000t\000e\000g\000r\000a\000t\000i\000o\000n\000\040\000a\000n\000d\000\040\000A\000l\000g\000o\000r\000i\000t\000h\000m\000\040\000S\000y\000n\000t\000h\000e\000s\000i\000s}{subsection.3.2}% 25
\BOOKMARK [2][-]{subsection.3.3}{\376\377\000S\000p\000a\000n\000\040\000P\000r\000e\000d\000i\000c\000t\000o\000r}{section.3}% 26
\BOOKMARK [2][-]{subsection.3.4}{\376\377\000L\000e\000n\000g\000t\000h\000\040\000E\000s\000t\000i\000m\000a\000t\000o\000r}{section.3}% 27
\BOOKMARK [2][-]{subsection.3.5}{\376\377\000M\000o\000d\000a\000l\000i\000t\000y\000\040\000T\000y\000p\000i\000n\000g}{section.3}% 28
\BOOKMARK [3][-]{subsubsection.3.5.1}{\376\377\000M\000o\000d\000a\000l\000i\000t\000y\000\040\000C\000l\000a\000s\000s\000i\000f\000i\000c\000a\000t\000i\000o\000n}{subsection.3.5}% 29
\BOOKMARK [3][-]{subsubsection.3.5.2}{\376\377\000M\000o\000d\000a\000l\000i\000t\000y\000\040\000E\000n\000t\000r\000o\000p\000y\000\040\000a\000n\000d\000\040\000A\000m\000b\000i\000g\000u\000i\000t\000y}{subsection.3.5}% 30
\BOOKMARK [3][-]{subsubsection.3.5.3}{\376\377\000A\000u\000x\000i\000l\000i\000a\000r\000y\000\040\000S\000u\000p\000e\000r\000v\000i\000s\000i\000o\000n}{subsection.3.5}% 31
\BOOKMARK [3][-]{subsubsection.3.5.4}{\376\377\000C\000o\000n\000d\000i\000t\000i\000o\000n\000a\000l\000\040\000R\000o\000u\000t\000i\000n\000g}{subsection.3.5}% 32
\BOOKMARK [3][-]{subsubsection.3.5.5}{\376\377\000I\000n\000t\000e\000r\000p\000r\000e\000t\000a\000b\000i\000l\000i\000t\000y}{subsection.3.5}% 33
\BOOKMARK [3][-]{subsubsection.3.5.6}{\376\377\000I\000n\000t\000e\000g\000r\000a\000t\000i\000o\000n\000\040\000i\000n\000t\000o\000\040\000S\000p\000a\000n\000\040\000S\000c\000o\000r\000i\000n\000g}{subsection.3.5}% 34
\BOOKMARK [2][-]{subsection.3.6}{\376\377\000S\000p\000a\000n\000\040\000E\000m\000b\000e\000d\000d\000i\000n\000g}{section.3}% 35
\BOOKMARK [3][-]{subsubsection.3.6.1}{\376\377\000M\000e\000a\000n\000-\000P\000o\000o\000l\000i\000n\000g\000\040\000E\000n\000c\000o\000d\000e\000r}{subsection.3.6}% 36
\BOOKMARK [3][-]{subsubsection.3.6.2}{\376\377\000L\000o\000c\000a\000l\000\040\000S\000e\000l\000f\000-\000A\000t\000t\000e\000n\000t\000i\000o\000n\000\040\000E\000n\000c\000o\000d\000e\000r}{subsection.3.6}% 37
\BOOKMARK [3][-]{subsubsection.3.6.3}{\376\377\000G\000a\000t\000e\000d\000\040\000F\000u\000s\000i\000o\000n}{subsection.3.6}% 38
\BOOKMARK [2][-]{subsection.3.7}{\376\377\000C\000o\000n\000t\000r\000o\000l\000l\000e\000r\000\040\000F\000u\000s\000i\000o\000n}{section.3}% 39
\BOOKMARK [3][-]{subsubsection.3.7.1}{\376\377\000F\000e\000a\000t\000u\000r\000e\000\040\000C\000o\000n\000s\000t\000r\000u\000c\000t\000i\000o\000n\000\040\000a\000n\000d\000\040\000S\000c\000o\000r\000i\000n\000g}{subsection.3.7}% 40
\BOOKMARK [3][-]{subsubsection.3.7.2}{\376\377\000T\000r\000a\000n\000s\000f\000o\000r\000m\000e\000r\000\040\000I\000n\000j\000e\000c\000t\000i\000o\000n\000\040\000M\000o\000d\000e\000s}{subsection.3.7}% 41
\BOOKMARK [3][-]{subsubsection.3.7.3}{\376\377\000M\000u\000l\000t\000i\000-\000P\000a\000t\000h\000\040\000F\000u\000s\000i\000o\000n}{subsection.3.7}% 42
\BOOKMARK [2][-]{subsection.3.8}{\376\377\000S\000p\000a\000n\000\040\000I\000n\000t\000e\000r\000p\000o\000l\000a\000t\000i\000o\000n\000\040\000f\000o\000r\000\040\000O\000v\000e\000r\000l\000a\000p\000\040\000R\000e\000s\000o\000l\000u\000t\000i\000o\000n}{section.3}% 43
\BOOKMARK [3][-]{subsubsection.3.8.1}{\376\377\000S\000o\000f\000t\000\040\000I\000n\000t\000e\000r\000p\000o\000l\000a\000t\000i\000o\000n}{subsection.3.8}% 44
\BOOKMARK [3][-]{subsubsection.3.8.2}{\376\377\000T\000h\000e\000o\000r\000e\000t\000i\000c\000a\000l\000\040\000P\000r\000o\000p\000e\000r\000t\000i\000e\000s}{subsection.3.8}% 45
\BOOKMARK [3][-]{subsubsection.3.8.3}{\376\377\000C\000o\000m\000p\000u\000t\000a\000t\000i\000o\000n\000a\000l\000\040\000C\000o\000s\000t}{subsection.3.8}% 46
\BOOKMARK [3][-]{subsubsection.3.8.4}{\376\377\000T\000r\000a\000n\000s\000f\000o\000r\000m\000e\000r\000\040\000I\000n\000j\000e\000c\000t\000i\000o\000n}{subsection.3.8}% 47
\BOOKMARK [2][-]{subsection.3.9}{\376\377\000R\000u\000n\000t\000i\000m\000e\000\040\000C\000o\000m\000p\000l\000e\000x\000i\000t\000y}{section.3}% 48
\BOOKMARK [3][-]{subsubsection.3.9.1}{\376\377\000S\000o\000f\000t\000\040\000S\000e\000g\000m\000e\000n\000t\000a\000t\000i\000o\000n\000\040\000a\000n\000d\000\040\000S\000e\000e\000d\000\040\000E\000m\000b\000e\000d\000d\000i\000n\000g}{subsection.3.9}% 49
\BOOKMARK [3][-]{subsubsection.3.9.2}{\376\377\000C\000o\000n\000t\000e\000x\000t\000u\000a\000l\000\040\000E\000n\000c\000o\000d\000e\000r}{subsection.3.9}% 50
\BOOKMARK [3][-]{subsubsection.3.9.3}{\376\377\000S\000p\000a\000n\000\040\000E\000n\000u\000m\000e\000r\000a\000t\000i\000o\000n\000\040\000a\000n\000d\000\040\000B\000o\000u\000n\000d\000a\000r\000y\000\040\000S\000c\000o\000r\000i\000n\000g}{subsection.3.9}% 51
\BOOKMARK [3][-]{subsubsection.3.9.4}{\376\377\000S\000p\000a\000n\000\040\000E\000m\000b\000e\000d\000d\000i\000n\000g\000\040\000a\000n\000d\000\040\000S\000c\000o\000r\000i\000n\000g}{subsection.3.9}% 52
\BOOKMARK [3][-]{subsubsection.3.9.5}{\376\377\000C\000o\000n\000t\000r\000o\000l\000l\000e\000r\000\040\000I\000n\000j\000e\000c\000t\000i\000o\000n}{subsection.3.9}% 53
\BOOKMARK [3][-]{subsubsection.3.9.6}{\376\377\000J\000o\000i\000n\000t\000\040\000C\000o\000n\000t\000e\000x\000t\000u\000a\000l\000i\000z\000a\000t\000i\000o\000n}{subsection.3.9}% 54
\BOOKMARK [1][-]{section.4}{\376\377\000T\000r\000a\000i\000n\000i\000n\000g}{}% 55
\BOOKMARK [2][-]{subsection.4.1}{\376\377\000S\000p\000a\000n\000\040\000I\000n\000d\000u\000c\000t\000i\000o\000n\000\040\000w\000i\000t\000h\000\040\000E\000n\000t\000r\000o\000p\000i\000c\000\040\000R\000e\000g\000u\000l\000a\000r\000i\000z\000a\000t\000i\000o\000n}{section.4}% 56
\BOOKMARK [2][-]{subsection.4.2}{\376\377\000C\000o\000n\000t\000r\000o\000l\000l\000e\000r\000-\000A\000w\000a\000r\000e\000\040\000G\000e\000n\000e\000r\000a\000t\000i\000o\000n\000\040\000a\000n\000d\000\040\000F\000i\000n\000a\000l\000\040\000O\000b\000j\000e\000c\000t\000i\000v\000e}{section.4}% 57
\BOOKMARK [3][-]{subsubsection.4.2.1}{\376\377\000P\000r\000e\000f\000i\000x\000-\000T\000o\000k\000e\000n\000\040\000I\000n\000j\000e\000c\000t\000i\000o\000n}{subsection.4.2}% 58
\BOOKMARK [3][-]{subsubsection.4.2.2}{\376\377\000A\000t\000t\000e\000n\000t\000i\000o\000n\000-\000B\000i\000a\000s\000\040\000I\000n\000j\000e\000c\000t\000i\000o\000n}{subsection.4.2}% 59
\BOOKMARK [3][-]{subsubsection.4.2.3}{\376\377\000G\000a\000t\000e\000d\000-\000F\000F\000N\000\040\000I\000n\000j\000e\000c\000t\000i\000o\000n}{subsection.4.2}% 60
\BOOKMARK [3][-]{subsubsection.4.2.4}{\376\377\000S\000e\000m\000a\000n\000t\000i\000c\000\040\000R\000o\000u\000t\000i\000n\000g\000\040\000I\000n\000t\000e\000r\000p\000r\000e\000t\000a\000t\000i\000o\000n}{subsection.4.2}% 61
\BOOKMARK [3][-]{subsubsection.4.2.5}{\376\377\000E\000n\000d\000-\000t\000o\000-\000E\000n\000d\000\040\000D\000i\000f\000f\000e\000r\000e\000n\000t\000i\000a\000b\000i\000l\000i\000t\000y}{subsection.4.2}% 62
\BOOKMARK [3][-]{subsubsection.4.2.6}{\376\377\000F\000i\000n\000a\000l\000\040\000O\000b\000j\000e\000c\000t\000i\000v\000e}{subsection.4.2}% 63
\BOOKMARK [2][-]{subsection.4.3}{\376\377\000E\000n\000d\000-\000t\000o\000-\000E\000n\000d\000\040\000F\000i\000n\000e\000-\000T\000u\000n\000i\000n\000g}{section.4}% 64
\BOOKMARK [3][-]{subsubsection.4.3.1}{\376\377\000J\000o\000i\000n\000t\000\040\000R\000o\000u\000t\000i\000n\000g\000\040\000a\000n\000d\000\040\000R\000e\000g\000u\000l\000a\000r\000i\000z\000a\000t\000i\000o\000n}{subsection.4.3}% 65
\BOOKMARK [3][-]{subsubsection.4.3.2}{\376\377\000T\000r\000a\000i\000n\000i\000n\000g\000\040\000A\000l\000g\000o\000r\000i\000t\000h\000m}{subsection.4.3}% 66
\BOOKMARK [3][-]{subsubsection.4.3.3}{\376\377\000O\000p\000t\000i\000m\000i\000z\000a\000t\000i\000o\000n\000\040\000D\000e\000t\000a\000i\000l\000s}{subsection.4.3}% 67
\BOOKMARK [1][-]{section.5}{\376\377\000E\000x\000p\000e\000r\000i\000m\000e\000n\000t\000s}{}% 68
\BOOKMARK [2][-]{subsection.5.1}{\376\377\000E\000x\000p\000e\000r\000i\000m\000e\000n\000t\000a\000l\000\040\000S\000e\000t\000u\000p}{section.5}% 69
\BOOKMARK [2][-]{subsection.5.2}{\376\377\000S\000p\000a\000n\000\040\000R\000o\000u\000t\000i\000n\000g\000\040\000B\000e\000h\000a\000v\000i\000o\000r}{section.5}% 70
\BOOKMARK [2][-]{subsection.5.3}{\376\377\000C\000o\000n\000t\000r\000o\000l\000l\000e\000r\000\040\000F\000u\000s\000i\000o\000n\000\040\000D\000i\000a\000g\000n\000o\000s\000t\000i\000c\000s}{section.5}% 71
\BOOKMARK [2][-]{subsection.5.4}{\376\377\000Q\000u\000a\000l\000i\000t\000a\000t\000i\000v\000e\000\040\000S\000p\000a\000n\000\040\000I\000n\000t\000e\000r\000p\000r\000e\000t\000a\000b\000i\000l\000i\000t\000y}{section.5}% 72
\BOOKMARK [2][-]{subsection.5.5}{\376\377\000A\000b\000l\000a\000t\000i\000o\000n\000:\000\040\000E\000n\000t\000r\000o\000p\000y\000,\000\040\000P\000o\000o\000l\000i\000n\000g\000,\000\040\000a\000n\000d\000\040\003\262\040\201}{section.5}% 73
\BOOKMARK [2][-]{subsection.5.6}{\376\377\000F\000u\000t\000u\000r\000e\000\040\000B\000e\000n\000c\000h\000m\000a\000r\000k\000s\000\040\000a\000n\000d\000\040\000T\000a\000s\000k\000s}{section.5}% 74
\BOOKMARK [1][-]{section.6}{\376\377\000V\000i\000s\000u\000a\000l\000i\000z\000a\000t\000i\000o\000n\000\040\000F\000r\000a\000m\000e\000w\000o\000r\000k\000\040\000a\000n\000d\000\040\000I\000n\000t\000e\000r\000p\000r\000e\000t\000a\000b\000i\000l\000i\000t\000y\000\040\000I\000n\000t\000e\000r\000f\000a\000c\000e\000s}{}% 75
\BOOKMARK [2][-]{subsection.6.1}{\376\377\000S\000p\000a\000n\000\040\000T\000r\000a\000j\000e\000c\000t\000o\000r\000y\000\040\000V\000i\000e\000w\000e\000r\000\040\000\050\000t\000r\000a\000j\000e\000c\000t\000o\000r\000y\000\137\000o\000v\000e\000r\000l\000a\000y\000\051}{section.6}% 76
\BOOKMARK [2][-]{subsection.6.2}{\376\377\000S\000p\000a\000n\000\040\000A\000l\000i\000g\000n\000m\000e\000n\000t\000\040\000G\000r\000i\000d\000\040\000\050\000s\000p\000a\000n\000\137\000g\000r\000i\000d\000\137\000a\000l\000i\000g\000n\000\051}{section.6}% 77
\BOOKMARK [2][-]{subsection.6.3}{\376\377\000C\000o\000n\000t\000r\000o\000l\000l\000e\000r\000\040\000I\000n\000f\000l\000u\000e\000n\000c\000e\000\040\000M\000a\000p\000\040\000\050\000i\000n\000f\000l\000u\000e\000n\000c\000e\000\137\000h\000e\000a\000t\000m\000a\000p\000\051}{section.6}% 78
\BOOKMARK [2][-]{subsection.6.4}{\376\377\000E\000n\000t\000r\000o\000p\000y\000\040\000F\000i\000e\000l\000d\000\040\000M\000o\000r\000p\000h\000o\000m\000e\000t\000r\000y\000\040\000\050\000e\000n\000t\000r\000o\000p\000y\000\137\000m\000a\000p\000\051}{section.6}% 79
\BOOKMARK [1][-]{section.7}{\376\377\000A\000b\000l\000a\000t\000i\000o\000n\000\040\000S\000t\000u\000d\000i\000e\000s}{}% 80
\BOOKMARK [2][-]{subsection.7.1}{\376\377\000E\000f\000f\000e\000c\000t\000\040\000o\000f\000\040\000S\000p\000a\000n\000\040\000I\000n\000j\000e\000c\000t\000i\000o\000n\000\040\000S\000t\000r\000a\000t\000e\000g\000i\000e\000s}{section.7}% 81
\BOOKMARK [2][-]{subsection.7.2}{\376\377\000S\000p\000a\000n\000\040\000S\000e\000l\000e\000c\000t\000i\000o\000n\000\040\000w\000i\000t\000h\000o\000u\000t\000\040\000C\000o\000n\000f\000i\000d\000e\000n\000c\000e\000\040\000R\000o\000u\000t\000i\000n\000g}{section.7}% 82
\BOOKMARK [2][-]{subsection.7.3}{\376\377\000S\000p\000a\000n\000\040\000P\000o\000o\000l\000i\000n\000g\000\040\000A\000l\000t\000e\000r\000n\000a\000t\000i\000v\000e\000s}{section.7}% 83
\BOOKMARK [2][-]{subsection.7.4}{\376\377\000D\000i\000s\000a\000b\000l\000i\000n\000g\000\040\000S\000p\000a\000n\000-\000S\000c\000o\000p\000e\000d\000\040\000A\000t\000t\000e\000n\000t\000i\000o\000n}{section.7}% 84
\BOOKMARK [1][-]{section.8}{\376\377\000C\000o\000n\000c\000l\000u\000s\000i\000o\000n}{}% 85
\BOOKMARK [1][-]{section*.50}{\376\377\000A\000p\000p\000e\000n\000d\000i\000x}{}% 86
\BOOKMARK [2][-]{subsection.Alph0.1}{\376\377\000T\000r\000a\000i\000n\000i\000n\000g\000\040\000H\000y\000p\000e\000r\000p\000a\000r\000a\000m\000e\000t\000e\000r\000s}{section*.50}% 87
\BOOKMARK [2][-]{subsection.Alph0.2}{\376\377\000A\000d\000d\000i\000t\000i\000o\000n\000a\000l\000\040\000E\000x\000p\000e\000r\000i\000m\000e\000n\000t\000a\000l\000\040\000D\000e\000t\000a\000i\000l\000s}{section*.50}% 88
\BOOKMARK [2][-]{subsection.Alph0.3}{\376\377\000E\000x\000t\000e\000n\000d\000e\000d\000\040\000A\000b\000l\000a\000t\000i\000o\000n\000\040\000S\000e\000t\000t\000i\000n\000g\000s}{section*.50}% 89
\BOOKMARK [2][-]{subsection.Alph0.4}{\376\377\000V\000o\000c\000a\000b\000u\000l\000a\000r\000y\000\040\000I\000n\000d\000u\000c\000t\000i\000o\000n\000\040\000P\000s\000e\000u\000d\000o\000c\000o\000d\000e}{section*.50}% 90
\BOOKMARK [2][-]{subsection.Alph0.5}{\376\377\000F\000o\000r\000m\000a\000l\000\040\000P\000r\000o\000o\000f\000s}{section*.50}% 91
\BOOKMARK [2][-]{subsection.Alph0.6}{\376\377\000D\000a\000t\000a\000s\000e\000t\000\040\000C\000o\000n\000s\000t\000r\000u\000c\000t\000i\000o\000n\000\040\000a\000n\000d\000\040\000S\000t\000a\000t\000i\000s\000t\000i\000c\000s}{section*.50}% 92
\BOOKMARK [2][-]{subsection.Alph0.7}{\376\377\000O\000N\000N\000X\000\040\000O\000p\000e\000r\000a\000t\000o\000r\000\040\000I\000m\000p\000l\000e\000m\000e\000n\000t\000a\000t\000i\000o\000n}{section*.50}% 93
\BOOKMARK [2][-]{subsection.Alph0.8}{\376\377\000Q\000u\000a\000l\000i\000t\000a\000t\000i\000v\000e\000\040\000S\000e\000g\000m\000e\000n\000t\000a\000t\000i\000o\000n\000\040\000E\000x\000a\000m\000p\000l\000e\000s}{section*.50}% 94
\BOOKMARK [2][-]{subsection.Alph0.9}{\376\377\000E\000x\000t\000e\000n\000d\000e\000d\000\040\000E\000v\000a\000l\000u\000a\000t\000i\000o\000n\000\040\000M\000e\000t\000r\000i\000c\000s}{section*.50}% 95
\BOOKMARK [2][-]{subsection.Alph0.10}{\376\377\000J\000u\000d\000g\000e\000\040\000A\000g\000e\000n\000t\000\040\000P\000r\000o\000m\000p\000t\000\040\000a\000n\000d\000\040\000C\000o\000n\000f\000i\000g\000u\000r\000a\000t\000i\000o\000n}{section*.50}% 96
